  main.cpp
D:\VisualStudio\Files\Project1\main.cpp(8,1): warning C4091: 'static ': ignored on left of 'int' when no variable is declared
D:\VisualStudio\Files\Project1\main.cpp(9,1): warning C4091: 'static ': ignored on left of 'int' when no variable is declared
D:\VisualStudio\Files\Project1\main.cpp(10,1): warning C4091: 'static ': ignored on left of 'int' when no variable is declared
D:\VisualStudio\Files\Project1\main.cpp(19,1): warning C4091: 'static ': ignored on left of 'int' when no variable is declared
D:\VisualStudio\Files\Project1\renderer.cpp(1,1): warning C4091: 'static ': ignored on left of 'int' when no variable is declared
  (compiling source file 'main.cpp')
  
D:\VisualStudio\Files\Project1\renderer.cpp(10,1): warning C4091: 'static ': ignored on left of 'int' when no variable is declared
  (compiling source file 'main.cpp')
  
D:\VisualStudio\Files\Project1\renderer.cpp(19,1): warning C4091: 'static ': ignored on left of 'int' when no variable is declared
  (compiling source file 'main.cpp')
  
D:\VisualStudio\Files\Project1\renderer.cpp(28,1): warning C4091: 'static ': ignored on left of 'int' when no variable is declared
  (compiling source file 'main.cpp')
  
D:\VisualStudio\Files\Project1\renderer.cpp(42,1): warning C4091: 'static ': ignored on left of 'int' when no variable is declared
  (compiling source file 'main.cpp')
  
D:\VisualStudio\Files\Project1\renderer.cpp(54,12): warning C4244: 'initializing': conversion from 'float' to 'int', possible loss of data
  (compiling source file 'main.cpp')
  
D:\VisualStudio\Files\Project1\renderer.cpp(54,29): warning C4244: 'initializing': conversion from 'float' to 'int', possible loss of data
  (compiling source file 'main.cpp')
  
D:\VisualStudio\Files\Project1\renderer.cpp(54,46): warning C4244: 'initializing': conversion from 'float' to 'int', possible loss of data
  (compiling source file 'main.cpp')
  
D:\VisualStudio\Files\Project1\renderer.cpp(54,63): warning C4244: 'initializing': conversion from 'float' to 'int', possible loss of data
  (compiling source file 'main.cpp')
  
D:\VisualStudio\Files\Project1\renderer.cpp(58,1): warning C4091: 'static ': ignored on left of 'int' when no variable is declared
  (compiling source file 'main.cpp')
  
D:\VisualStudio\Files\Project1\renderer.cpp(70,12): warning C4244: 'initializing': conversion from 'float' to 'int', possible loss of data
  (compiling source file 'main.cpp')
  
D:\VisualStudio\Files\Project1\renderer.cpp(70,29): warning C4244: 'initializing': conversion from 'float' to 'int', possible loss of data
  (compiling source file 'main.cpp')
  
D:\VisualStudio\Files\Project1\renderer.cpp(70,46): warning C4244: 'initializing': conversion from 'float' to 'int', possible loss of data
  (compiling source file 'main.cpp')
  
D:\VisualStudio\Files\Project1\renderer.cpp(70,63): warning C4244: 'initializing': conversion from 'float' to 'int', possible loss of data
  (compiling source file 'main.cpp')
  
D:\VisualStudio\Files\Project1\renderer.cpp(74,1): warning C4091: 'static ': ignored on left of 'int' when no variable is declared
  (compiling source file 'main.cpp')
  
D:\VisualStudio\Files\Project1\collision.cpp(1,1): warning C4091: 'static ': ignored on left of 'int' when no variable is declared
  (compiling source file 'main.cpp')
  
D:\VisualStudio\Files\Project1\main.cpp(25,1): warning C4091: 'static ': ignored on left of 'int' when no variable is declared
D:\VisualStudio\Files\Project1\game.cpp(12,1): warning C4091: 'static ': ignored on left of 'int' when no variable is declared
  (compiling source file 'main.cpp')
  
D:\VisualStudio\Files\Project1\game.cpp(19,1): warning C4091: 'static ': ignored on left of 'int' when no variable is declared
  (compiling source file 'main.cpp')
  
LINK : fatal error LNK1104: cannot open file 'D:\VisualStudio\Files\Project1\x64\Release\Project1.exe'
